2017-09-18 14:32:00 Qual è il tuo nome
2017-09-18 14:32:13 Qual'è il tuo nome
2017-09-18 14:32:21 Come ti chiami
2017-09-18 14:32:35 Rispondi
2017-09-18 14:32:55 Rispondimi
2017-09-18 14:33:18 Sjjssjsjsi
2017-09-18 14:50:46 Rispondi
2017-09-18 14:51:06 Rispondimi
2017-09-18 14:51:35 Non hai risposto alla mia domanda
2017-09-18 14:51:41 Aiuto
2017-09-18 14:51:45 Mi aiuti
2017-09-18 14:51:50 Grazie
2017-09-18 14:54:42 Grazie
2017-09-18 14:55:04 grazie
2017-09-18 14:55:24 grazie
2017-09-18 14:55:33 ti ringrazio
2017-09-18 14:55:42 Dammi grazie
2017-09-18 14:58:39 Grazie
2017-09-18 14:59:04 Grazie
2017-09-18 15:02:52 Grazie
2017-09-18 15:03:47 Mi dici il tuo nome grazie?
2017-09-18 15:04:16 Mi dici il tuo nome grazie?
2017-09-18 15:04:18 Mi dici il tuo nome grazie
2017-09-18 15:09:10 Mi dici il tuo nome grazie
2017-09-18 15:09:23 Mi dici il tuo nome grazie?
2017-09-18 15:09:31 Ciao
2017-09-18 15:09:34 Come stai
2017-09-18 15:09:40 Io bene grazie
2017-09-18 15:10:20 Tutto bene grazie
2017-09-18 15:10:41 Grazie
2017-09-18 15:10:52 Grazie
2017-09-18 15:15:41 Io bene grazie
2017-09-18 15:19:24 Io bene grazie
2017-09-18 15:19:32 Grazie
2017-09-18 15:19:41 Bene grazie
2017-09-18 15:19:51 Grazie e tu?
2017-09-18 15:22:05 Io bene grazie
2017-09-18 15:23:11 Io bene grazie
2017-09-18 15:23:43 Grazie
2017-09-18 15:24:09 Tutto bene grazie
2017-09-18 15:29:00 Wi
2017-09-18 15:29:11 Io bene grazie
2017-09-18 15:30:24 Io bene grazie
2017-09-18 15:32:17 Mi chiedo come stai
2017-09-18 15:32:51 Certo sei noioso
2017-09-18 15:33:21 Sei noioso
2017-09-18 15:33:30 Certo sei noioso
