2017-09-25 15:51:43 Ciao
2017-09-25 15:51:43 bot: ao zii
2017-09-25 15:51:49 Come stai
2017-09-25 15:51:49 bot: sono una macchina, non posso stare male, tu stai bene invece?
2017-09-25 15:51:56 Si
2017-09-25 15:51:56 bot: Infatti.
2017-09-25 15:52:07 Puttana
2017-09-25 15:52:07 bot: non so ancora come risponderti
2017-09-25 15:52:16 Sei bella
2017-09-25 15:52:16 bot: Penso la stessa cosa di te!
2017-09-25 15:52:25 Muori
2017-09-25 15:52:25 bot: non so ancora come risponderti
2017-09-25 15:52:46 Sei un robot
2017-09-25 15:52:46 bot: Si lo sono. E lo sono diventato per te!
2017-09-26 14:28:35 /start
2017-09-26 14:28:35 bot: <!DOCTYPE HTML PUBLIC "-//W3C//DTD HTML 3.2 Final//EN">
<title>500 Internal Server Error</title>
<h1>Internal Server Error</h1>
<p>The server encountered an internal error and was unable to complete your request.  Either the server is overloaded or there is an error in the application.</p>

2017-09-26 15:02:54 /start
2017-09-26 15:02:54 bot: <!DOCTYPE HTML PUBLIC "-//W3C//DTD HTML 3.2 Final//EN">
<title>500 Internal Server Error</title>
<h1>Internal Server Error</h1>
<p>The server encountered an internal error and was unable to complete your request.  Either the server is overloaded or there is an error in the application.</p>

2017-09-26 15:03:12 Coay
2017-09-26 15:03:12 bot: <!DOCTYPE HTML PUBLIC "-//W3C//DTD HTML 3.2 Final//EN">
<title>500 Internal Server Error</title>
<h1>Internal Server Error</h1>
<p>The server encountered an internal error and was unable to complete your request.  Either the server is overloaded or there is an error in the application.</p>

2017-09-26 15:03:15 Ciao
2017-09-26 15:03:15 bot: ei bello
2017-09-26 15:03:28 Come ti chiami
2017-09-26 15:03:28 bot: Sono Jhonattan, pronto a risponderti!
2017-09-26 15:03:58 Come faccio a demolire la mia macchina
2017-09-26 15:05:09 Ciao
