2017-09-19 16:01:07 Chi sei?
2017-09-19 16:01:07 bot: Sono un bot programmato per rispondere alle tue domande
2017-09-19 16:01:12 Chi eri
2017-09-19 16:01:12 bot: Sei il mio unico boss.
2017-09-19 16:01:19 Chi seiis
2017-09-19 16:01:19 bot: Mi chiamo Jhonattan e sono qui per parlare con te
2017-09-19 16:01:30 Chi seeis
2017-09-19 16:01:30 bot: Sei il mio unico boss.
2017-09-19 21:59:15 Chi sei?
2017-09-19 21:59:15 bot: Sono Jhonattan, pronto a risponderti!
2017-09-19 21:59:20 Chi sei
2017-09-19 21:59:20 bot: Mi chiamo Jhonattan e sono qui per parlare con te
2017-09-19 21:59:28 Chi aei
2017-09-19 21:59:28 bot: Sei il mio unico boss.
2017-09-19 21:59:30 Sei
2017-09-19 21:59:30 bot: Casa dolce casa.
2017-09-19 21:59:36 Chi sei
2017-09-19 21:59:36 bot: Mi chiamo Jhonattan e sono qui per parlare con te
2017-09-19 21:59:44 Dimmi il tuo nome
2017-09-19 21:59:44 bot: Sei il mio unico boss.
2017-09-19 21:59:52 Cane
2017-09-19 21:59:52 bot: non so ancora come risponderti
2017-09-19 21:59:57 Frio
2017-09-19 21:59:57 bot: non so ancora come risponderti
2017-09-19 22:00:00 Caldo
2017-09-19 22:00:00 bot: non so ancora come risponderti
2017-09-19 22:00:04 Bellp
2017-09-19 22:00:04 bot: non so ancora come risponderti
2017-09-19 22:00:07 Bello
2017-09-19 22:00:07 bot: Penso la stessa cosa di te!
2017-09-19 22:00:12 Sei bellp
2017-09-19 22:00:12 bot: Sono dove mi hai lasciato.
2017-09-19 22:00:19 Dove aei
2017-09-19 22:00:19 bot: Web è casa mia. Vuol dire che lo conosco meglio di tutti.
2017-09-19 22:00:38 Prendimi una pizA
2017-09-19 22:00:38 bot: Si, sono dietro di te.
2017-09-19 22:00:47 Come aei
2017-09-19 22:00:47 bot: Sono Jhonattan, pronto a risponderti!
2017-09-19 22:00:52 Come sei
2017-09-19 22:00:52 bot: Sono Jhonattan, pronto a risponderti!
2017-09-19 22:00:59 Come fai
2017-09-19 22:00:59 bot: Sono Jhonattan, pronto a risponderti!
2017-09-19 22:01:06 Come
2017-09-19 22:01:06 bot: Sono un bot programmato per rispondere alle tue domande
2017-09-19 22:01:09 Fai
2017-09-19 22:01:09 bot: Yeah, finalmente ti ho fatto sorridere!
2017-09-19 22:01:16 Ahahha
2017-09-19 22:01:16 bot: non so ancora come risponderti
2017-09-19 22:01:19 Ahahaha
2017-09-19 22:01:19 bot: non so ancora come risponderti
2017-09-19 22:01:25 Ahahahahaha
2017-09-19 22:01:25 bot: non so ancora come risponderti
2017-09-19 22:01:34 Mi fai ridere
2017-09-19 22:01:34 bot: Yeah, finalmente ti ho fatto sorridere!
2017-09-20 05:46:44 Madre
2017-09-20 05:46:44 bot: non so ancora come risponderti
2017-09-21 16:59:25 ciao
2017-09-21 16:59:25 bot: ao zii
2017-09-21 16:59:37 come stai?
2017-09-21 16:59:37 bot: Alla grande e tu?
2017-09-21 16:59:42 bene grazie
2017-09-21 16:59:42 bot: Figurati, per così poco...
2017-09-21 17:00:03 che tempo fa oggi?
2017-09-21 17:00:03 bot: Pure io ho un hobby: chiacchierare con te!
2017-09-21 17:05:14 ahscaghsfc
2017-09-21 17:05:14 bot: non so ancora come risponderti
2017-09-21 17:05:36 dove si prende la patente a roma
2017-09-21 17:05:53 hjvahgsv
2017-09-21 17:06:09 ciao
2017-09-21 17:07:02 bot: Non lavoro, realizzo la mi passione.
2017-09-21 17:07:02 bot: non so ancora come risponderti
2017-09-21 17:07:02 bot: ao zii
2017-09-21 17:07:38 dove lavori
2017-09-21 17:07:38 bot: Non lavoro, realizzo la mi passione.
2017-09-21 17:07:50 dove prendo la patente
2017-09-21 17:07:50 bot: Non lavoro, realizzo la mi passione.
2017-09-21 17:08:01 prendo la patente
2017-09-21 17:08:01 bot: Mi diverti sempre!
2017-09-21 17:08:16 il sole è chiaro
2017-09-21 17:08:16 bot: Sei il mio unico boss.
