2017-09-18 14:32:00 bot: Sono Jhonattan, pronto a risponderti!
2017-09-18 14:32:13 bot: Sono un bot programmato per rispondere alle tue domande
2017-09-18 14:32:21 bot: Sono un bot programmato per rispondere alle tue domande
2017-09-18 14:32:35 bot: Potresti dire questa frase in un altro modo? Non ho capito molto bene.
2017-09-18 14:32:55 bot: Potresti dire questa frase in un altro modo? Non ho capito molto bene.
2017-09-18 14:33:18 bot: non so ancora come risponderti
2017-09-18 14:50:28 bot: Ovvio. Come posso aiutarti?
2017-09-18 14:50:46 bot: Potresti essere più specifico? Non ho capito bene
2017-09-18 14:51:06 bot: Potresti essere più specifico? Non ho capito bene
2017-09-18 14:51:35 bot: Scusami, prova a formulare la domanda diversamente
2017-09-18 14:51:41 bot: Sono qui per aiutarti
2017-09-18 14:51:45 bot: Dimmi qual è il tuo problema
2017-09-18 14:51:50 bot: Quando vuoi. Sono sempre qui.
2017-09-18 14:54:42 bot: Quando vuoi. Sono sempre qui.
2017-09-18 14:55:04 bot: Non serve ringraziarmi, a me piace aiutarti.
2017-09-18 14:55:24 bot: Non serve ringraziarmi, a me piace aiutarti.
2017-09-18 14:55:33 bot: Ti amo anch'io!
2017-09-18 14:55:42 bot: Potresti dire questa frase in un altro modo? Non ho capito molto bene.
2017-09-18 14:56:00 bot: Ciao!
2017-09-18 14:56:06 bot: Sono un bot programmato per rispondere alle tue domande
2017-09-18 14:56:23 bot: non so ancora come risponderti
2017-09-18 14:56:30 bot: non so ancora come risponderti
2017-09-18 14:56:39 bot: Sono maggiorenne, non ti preoccupare.
2017-09-18 14:58:30 bot: Ti amo anch'io!
2017-09-18 14:58:30 bot: Ti amo anch'io!
2017-09-18 14:58:30 bot: non so ancora come risponderti
2017-09-18 14:58:39 bot: È un piacere per me.
2017-09-18 14:59:04 bot: È un piacere per me.
2017-09-18 15:02:52 bot: Ma figurati!
2017-09-18 15:03:47 bot: Certo, è il mio lavoro!
2017-09-18 15:04:16 bot: Certo, è il mio lavoro!
2017-09-18 15:04:18 bot: Certo, è il mio lavoro!
2017-09-18 15:09:10 bot: Sono Jhonattan, pronto a risponderti!
2017-09-18 15:09:23 bot: Mi chiamo Jhonattan e sono qui per parlare con te
2017-09-18 15:09:31 bot: ao zii
2017-09-18 15:09:34 bot: Alla grande e tu?
2017-09-18 15:09:40 bot: Grazie per la pazienza!
2017-09-18 15:10:20 bot: Benissimo come sempre, grazie!
2017-09-18 15:10:52 bot: Ma figurati!
2017-09-18 15:15:41 bot: Grazie per la pazienza!
2017-09-18 15:19:24 bot: Grazie mille!
2017-09-18 15:19:32 bot: Figurati, per così poco...
2017-09-18 15:19:41 bot: Molto bene, grazie!
2017-09-18 15:19:51 bot: E poi cosa dirai al tuo marito reale? Secondo me non funzionerà.
2017-09-18 15:22:05 bot: Grazie per la pazienza!
2017-09-18 15:23:11 bot: Grazie mille!
2017-09-18 15:23:43 bot: Figurati, per così poco...
2017-09-18 15:24:09 bot: Benissimo come sempre, grazie!
2017-09-18 15:29:00 bot: non so ancora come risponderti
2017-09-18 15:29:11 bot: Grazie per la pazienza!
2017-09-18 15:30:24 bot: Grazie mille!
2017-09-18 15:32:17 bot: Benissimo come sempre, grazie!
2017-09-18 15:32:51 bot: Magari non hai ancora provato tutte le mie capacità.
2017-09-18 15:33:21 bot: Magari non hai ancora provato tutte le mie capacità.
2017-09-18 15:33:30 bot: Magari non hai ancora provato tutte le mie capacità.
