2017-09-20 10:27:22 Ciao
2017-09-20 10:27:22 bot: Ciao come stai?
2017-09-20 10:27:28 Bene grazie
2017-09-20 10:27:28 bot: Ma figurati!
2017-09-20 10:27:34 Di dove sei
2017-09-20 10:27:34 bot: Web è casa mia. Vuol dire che lo conosco meglio di tutti.
2017-09-20 10:27:43 Come ti chiami
2017-09-20 10:27:43 bot: Sono Jhonattan, pronto a risponderti!
2017-09-20 10:27:57 Come ti chiami?
2017-09-20 10:27:57 bot: Mi chiamo Jhonattan e sono qui per parlare con te
2017-09-20 10:28:17 Che ne pensi di me
2017-09-20 10:28:17 bot: Che bel colore degli occhi!
2017-09-20 10:30:55 Grazie
2017-09-20 10:30:55 bot: Figurati, per così poco...
2017-09-20 10:31:21 Vuoi un caffè?
2017-09-20 10:31:21 bot: Quando vuoi. Sono sempre qui.
2017-09-20 10:32:13 Do you speak English?
2017-09-20 10:32:13 bot: non so ancora come risponderti
2017-09-21 05:40:55 Buongiorno
2017-09-21 05:40:55 bot: Ciao!
2017-09-21 05:41:00 Come stai?
2017-09-21 05:41:00 bot: Tutto bene, tu?
2017-09-21 05:41:04 Tutto a posto
2017-09-21 05:41:04 bot: Adesso che me lo hai chiesto va tutto bene.
2017-09-21 05:41:10 E adesso?
2017-09-21 05:41:10 bot: Si lo sono. E lo sono diventato per te!
2017-09-21 05:41:15 Oh, grazie
2017-09-21 05:41:15 bot: È un piacere per me.
