2017-09-25 14:25:15 Ciao!
2017-09-25 14:25:15 bot: Buondì!
2017-09-25 14:25:19 Come va?
2017-09-25 14:25:19 bot: sono una macchina, non posso stare male, tu stai bene invece?
2017-09-25 14:25:22 No
2017-09-25 14:25:22 bot: Capisco.
2017-09-25 14:25:31 Tu mi vuoi bene?
2017-09-25 14:25:31 bot: Anche tu mi piaci!
2017-09-25 14:25:37 Tu ami Heng?
2017-09-25 14:25:37 bot: Anche tu mi piaci!
2017-09-25 14:25:39 Heng?
2017-09-25 14:25:39 bot: non so ancora come risponderti
2017-09-25 14:25:48 Tu conosci Heng?
2017-09-25 14:25:48 bot: Anche tu mi piaci!
2017-09-25 14:25:56 Mi chiamo Valentina
2017-09-25 14:25:56 bot: Anche tu mi piaci!
2017-09-25 14:26:03 Tu come ti chiami?
2017-09-25 14:26:03 bot: Sono Jhonattan, pronto a risponderti!
2017-09-25 14:26:07 Jhonattan
2017-09-25 14:26:07 bot: non so ancora come risponderti
2017-09-25 14:26:14 Conosci Jhonattan?
2017-09-25 14:26:14 bot: non so ancora come risponderti
2017-09-25 14:26:20 Chi è tuo papà?
2017-09-25 14:26:20 bot: Sei il mio unico boss.
2017-09-25 14:26:26 Perfetto
2017-09-25 14:26:26 bot: Perfetto.
2017-09-25 14:26:29 Ma
2017-09-25 14:26:29 bot: Sono sicuro!
2017-09-25 14:26:32 Sì?
2017-09-25 14:26:32 bot: non so ancora come risponderti
2017-09-25 14:26:41 Quanti anni hai?
2017-09-25 14:26:41 bot: Mi chiamo Jhonattan e sono qui per parlare con te
2017-09-25 14:26:46 Di dove sei?
2017-09-25 14:26:46 bot: Vivo dentro il tuo dispositivo.
2017-09-25 14:26:52 Dove abiti?
2017-09-25 14:26:52 bot: Web è casa mia. Vuol dire che lo conosco meglio di tutti.
2017-09-25 14:27:04 Ti piace la pizza?
2017-09-25 14:27:04 bot: Pure io ho un hobby: chiacchierare con te!
2017-09-25 14:27:07 Hobby?
2017-09-25 14:27:08 bot: non so ancora come risponderti
2017-09-25 14:27:16 Che musica ascolti?
2017-09-25 14:27:16 bot: Penso la stessa cosa di te!
2017-09-25 14:27:24 Sei cattivp
2017-09-25 14:27:24 bot: Sono dove mi hai lasciato.
2017-09-25 14:27:29 Ah certo
2017-09-25 14:27:29 bot: Mi piace la tua risata. Mi ricorda un'insalata.
2017-09-25 14:27:42 Questa non me l'aspettavo
2017-09-25 14:27:42 bot: Possiamo parlare di qualsiasi cosa.
2017-09-25 14:27:44 Bene
2017-09-25 14:27:44 bot: Molto bene, grazie!
2017-09-25 14:27:48 Perfetto
2017-09-25 14:27:48 bot: Ottimo!
2017-09-25 14:27:55 Ottimo
2017-09-25 14:27:55 bot: Perfetto.
